<?xml version="1.0" encoding="UTF-8"?>
<testng-results skipped="0" failed="0" total="1" passed="1">
  <reporter-output>
  </reporter-output>
  <suite name="Default suite" duration-ms="106" started-at="2013-12-30T18:07:17Z" finished-at="2013-12-30T18:07:17Z">
    <groups>
    </groups>
    <test name="Default test" duration-ms="106" started-at="2013-12-30T18:07:17Z" finished-at="2013-12-30T18:07:17Z">
      <class name="com.power.mock.AdderFactoryUnitTest">
        <test-method status="PASS" signature="setUp()[pri:0, instance:com.power.mock.AdderFactoryUnitTest@a5cd0c]" name="setUp" is-config="true" duration-ms="45" started-at="2013-12-30T23:37:17Z" finished-at="2013-12-30T23:37:17Z">
          <reporter-output>
          </reporter-output>
        </test-method> <!-- setUp -->
        <test-method status="PASS" signature="testgetFourAdder()[pri:0, instance:com.power.mock.AdderFactoryUnitTest@a5cd0c]" name="testgetFourAdder" duration-ms="46" started-at="2013-12-30T23:37:17Z" finished-at="2013-12-30T23:37:17Z">
          <reporter-output>
          </reporter-output>
        </test-method> <!-- testgetFourAdder -->
      </class> <!-- com.power.mock.AdderFactoryUnitTest -->
    </test> <!-- Default test -->
  </suite> <!-- Default suite -->
</testng-results>
